nowaste
posicionar melhor o titulo

pagina de problemas aumentaar o tamanho da fonte
tirar a ultima caixinha

pagina de melhorias: definir as melhorias
aumentar a fonte
mudar a imagem

pagina de beneficios;
definir os beneficios
aumetar a fonte
definir a imagem tema

pagina investimentos
mudar a imagem de fundo

pagina empresas nacionais
acertar o tamanho das imbgens
concertar a imagem da  ternium


Apesentação Dikma digital:
aumetar a fonte das equipes
colocar salario dos gestores
aumentar a fonte das projeções
avaliar as imagens dos ambientes e trocar as necessarias aumetar o tamanho das imagens quando clicar
fazer a matriz swot
fazer a pagina do roi





